Removed Pin From Net: NetName=SWB_5V Pin=F1-1
Removed Pin From Net: NetName=NetC9_1 Pin=FB2-2
Removed Pin From Net: NetName=SWB_5V Pin=P1-1
Removed Pin From Net: NetName=NetC15_2 Pin=R16-1
Removed Pin From Net: NetName=VDDIO_3V3 Pin=R22-1
Removed Pin From Net: NetName=LCD_RS Pin=R22-2
Removed Pin From Net: NetName=NetFB1_2 Pin=U2-12
Removed Pin From Net: NetName=SWB_5V Pin=U4-2
Removed Pin From Net: NetName=NetC17_2 Pin=U4-3
Removed Pin From Net: NetName=VDD_5V Pin=U7-1
Removed Pin From Net: NetName=DGND Pin=U7-4
Removed Pin From Net: NetName=DGND Pin=U7-5
Removed Pin From Net: NetName=RELAY Pin=U7-6
Removed Pin From Net: NetName=VDD_3V3 Pin=U7-8
Removed Pin From Net: NetName=DGND Pin=U8-2
Removed Pin From Net: NetName=DGND Pin=U8-4
Removed Pin From Net: NetName=NetC15_2 Pin=U8-6
Removed Member From Class: ClassName=DRS_SCH-02-24 Member=R16
Removed Member From Class: ClassName=DRS_SCH-02-24 Member=U7
Change Component DesignItemId : Designator=U4 Old DesignItemId=AP1084 New DesignItemId=URB2405YMD-6WR2
Change Component DesignItemId : Designator=U8 Old DesignItemId=BRT22H New DesignItemId=TPL521-1
Change Component Footprint: Designator=U8 Old Footprint=BRT22H New Footprint=TPL521-1
Change Component Footprint: Designator=C4 Old Footprint=C0402 New Footprint=0603
Change Component Footprint: Designator=C6 Old Footprint=C0402 New Footprint=0603
Change Component Footprint: Designator=C8 Old Footprint=C0402 New Footprint=0603
Change Component Footprint: Designator=C9 Old Footprint=C0402 New Footprint=0603
Change Component Footprint: Designator=C11 Old Footprint=C0402 New Footprint=0603
Change Component Footprint: Designator=C12 Old Footprint=C0402 New Footprint=0603
Change Component Footprint: Designator=C13 Old Footprint=C0402 New Footprint=0603
Change Component Footprint: Designator=C14 Old Footprint=C0402 New Footprint=0603
Change Component Footprint: Designator=C15 Old Footprint=C0402 New Footprint=0603
Change Component Footprint: Designator=C18 Old Footprint=C0402 New Footprint=0603
Change Component Footprint: Designator=R2 Old Footprint=C0402 New Footprint=0603
Change Component Footprint: Designator=R5 Old Footprint=C0402 New Footprint=0603
Change Component Footprint: Designator=R6 Old Footprint=C0402 New Footprint=0603
Change Component Footprint: Designator=R7 Old Footprint=C0402 New Footprint=0603
Change Component Footprint: Designator=R8 Old Footprint=C0402 New Footprint=0603
Change Component Footprint: Designator=R9 Old Footprint=C0402 New Footprint=0603
Change Component Footprint: Designator=R10 Old Footprint=C0402 New Footprint=0603
Change Component Footprint: Designator=R11 Old Footprint=C0402 New Footprint=0603
Change Component Footprint: Designator=R12 Old Footprint=C0402 New Footprint=0603
Change Component Footprint: Designator=R13 Old Footprint=C0402 New Footprint=0603
Change Component Footprint: Designator=R14 Old Footprint=C0402 New Footprint=0603
Change Component Footprint: Designator=R15 Old Footprint=C0402 New Footprint=0603
Change Component Footprint: Designator=R17 Old Footprint=C0402 New Footprint=0603
Change Component Footprint: Designator=R18 Old Footprint=C0402 New Footprint=0603
Change Component Footprint: Designator=R22 Old Footprint=C0402 New Footprint=0603
Change Component Footprint: Designator=R23 Old Footprint=C0402 New Footprint=0603
Change Component Footprint: Designator=R24 Old Footprint=C0402 New Footprint=0603
Change Component Footprint: Designator=R25 Old Footprint=C0402 New Footprint=0603
Change Component Footprint: Designator=R26 Old Footprint=C0402 New Footprint=0603
Change Component Footprint: Designator=R27 Old Footprint=C0402 New Footprint=0603
Change Component Footprint: Designator=U4 Old Footprint=LT1084-TO220 New Footprint=URB2405YMD-6WR2
Change Component Comment : Designator=R22 Old Comment=4.7K New Comment=820R
Change Component Comment : Designator=C16 Old Comment=1000UF New Comment=470UF
Change Component Comment : Designator=C17 Old Comment=1000UF New Comment=470UF
Change Component Comment : Designator=U8 Old Comment=BRT22H New Comment=TPL521-1
Change Component Comment : Designator=U4 Old Comment=LT1084-5V TO220 New Comment=URB2405YMD-6WR2
Added Component: Designator=J6(SIP3)
Added Component: Designator=R19(0603)
Added Component: Designator=R20(0603)
Added Component: Designator=R21(0603)
Added Component: Designator=R22(0603)
Added Pin To Net: NetName=SWB_5V Pin=J6-1
Added Pin To Net: NetName=NetFB1_2 Pin=R19-1
Added Pin To Net: NetName=NetC9_1 Pin=R20-2
Added Pin To Net: NetName=VDD_3V3 Pin=R21-1
Added Pin To Net: NetName=NetC15_2 Pin=R22-1
Added Pin To Net: NetName=VDDIO_3V3 Pin=R22-1
Added Pin To Net: NetName=LCD_RS Pin=R22-2
Added Pin To Net: NetName=VDD_5V Pin=R22-2
Added Pin To Net: NetName=NetC17_2 Pin=U4-2
Added Pin To Net: NetName=SWB_5V Pin=U4-3
Added Pin To Net: NetName=DGND Pin=U4-4
Added Pin To Net: NetName=RELAY Pin=U8-2
Added Pin To Net: NetName=DGND Pin=U8-3
Added Pin To Net: NetName=NetC15_2 Pin=U8-4
Added Pin To Net: NetName=NetF1_1 Pin=F1-1
Added Pin To Net: NetName=NetF1_1 Pin=J6-2
Added Net: Name=NetF1_1
Added Pin To Net: NetName=NetFB2_2 Pin=FB2-2
Added Pin To Net: NetName=NetFB2_2 Pin=R20-1
Added Net: Name=NetFB2_2
Added Pin To Net: NetName=NetJ6_3 Pin=J6-3
Added Pin To Net: NetName=NetJ6_3 Pin=P1-1
Added Net: Name=NetJ6_3
Added Pin To Net: NetName=NetR19_2 Pin=R19-2
Added Pin To Net: NetName=NetR19_2 Pin=U2-12
Added Net: Name=NetR19_2
Added Pin To Net: NetName=NetR21_2 Pin=R21-2
Added Pin To Net: NetName=NetR21_2 Pin=U8-1
Added Net: Name=NetR21_2
Added Member To Class: ClassName=DRS_SCH-02-24 Member=Component J6 SIP4
Added Member To Class: ClassName=DRS_SCH-02-24 Member=Component R19 2.7K
Added Member To Class: ClassName=DRS_SCH-02-24 Member=Component R20 10K
Added Member To Class: ClassName=DRS_SCH-02-24 Member=Component R21 820R
Added Member To Class: ClassName=DRS_SCH-02-24 Member=Component R22 820R
Added Room: Name=BTB CONNECTOR
Added Room: Name=DRS_SCH-02-24
