Removed Pin From Net: NetName=NetC8_2 Pin=C8-2
Removed Pin From Net: NetName=NetC15_2 Pin=C15-2
Removed Pin From Net: NetName=DGND Pin=C17-1
Removed Pin From Net: NetName=SWB_5V Pin=F1-1
Removed Pin From Net: NetName=NetC8_2 Pin=J6-A-2
Removed Pin From Net: NetName=NetC17_2 Pin=J6-A-13
Removed Pin From Net: NetName=NetC15_2 Pin=J8-1
Removed Pin From Net: NetName=SWB_5V Pin=P1-1
Removed Pin From Net: NetName=NetJ5_10 Pin=R5-1
Removed Pin From Net: NetName=DGND Pin=R5-2
Removed Pin From Net: NetName=VDD_3V3 Pin=R6-1
Removed Pin From Net: NetName=NetJ5_12 Pin=R6-2
Removed Pin From Net: NetName=NetC15_2 Pin=R16-1
Removed Pin From Net: NetName=NetFB1_2 Pin=U2-12
Removed Pin From Net: NetName=DGND Pin=U4-1
Removed Pin From Net: NetName=SWB_5V Pin=U4-2
Removed Pin From Net: NetName=NetC17_2 Pin=U4-3
Removed Pin From Net: NetName=VDD_5V Pin=U7-1
Removed Pin From Net: NetName=DGND Pin=U7-4
Removed Pin From Net: NetName=DGND Pin=U7-5
Removed Pin From Net: NetName=RELAY Pin=U7-6
Removed Pin From Net: NetName=VDD_3V3 Pin=U7-8
Removed Pin From Net: NetName=DGND Pin=U8-2
Removed Pin From Net: NetName=DGND Pin=U8-4
Removed Pin From Net: NetName=NetC15_2 Pin=U8-6
Change Component DesignItemId : Designator=C17 Old DesignItemId=7343 New DesignItemId=CAP
Change Component DesignItemId : Designator=U4 Old DesignItemId=AP1084 New DesignItemId=URB2405YMD-6WR2
Change Component DesignItemId : Designator=U8 Old DesignItemId=BRT22H New DesignItemId=TPL521-1
Change Component Footprint: Designator=U8 Old Footprint=BRT22H New Footprint=TPL521-1
Change Component Footprint: Designator=C4 Old Footprint=C0402 New Footprint=0603
Change Component Footprint: Designator=C6 Old Footprint=C0402 New Footprint=0603
Change Component Footprint: Designator=C9 Old Footprint=C0402 New Footprint=0603
Change Component Footprint: Designator=C11 Old Footprint=C0402 New Footprint=0603
Change Component Footprint: Designator=C12 Old Footprint=C0402 New Footprint=0603
Change Component Footprint: Designator=C13 Old Footprint=C0402 New Footprint=0603
Change Component Footprint: Designator=C14 Old Footprint=C0402 New Footprint=0603
Change Component Footprint: Designator=C15 Old Footprint=C0402 New Footprint=0603
Change Component Footprint: Designator=R2 Old Footprint=C0402 New Footprint=0603
Change Component Footprint: Designator=R5 Old Footprint=C0402 New Footprint=0603
Change Component Footprint: Designator=R6 Old Footprint=C0402 New Footprint=0603
Change Component Footprint: Designator=R7 Old Footprint=C0402 New Footprint=0603
Change Component Footprint: Designator=R8 Old Footprint=C0402 New Footprint=0603
Change Component Footprint: Designator=R9 Old Footprint=C0402 New Footprint=0603
Change Component Footprint: Designator=R10 Old Footprint=C0402 New Footprint=0603
Change Component Footprint: Designator=R11 Old Footprint=C0402 New Footprint=0603
Change Component Footprint: Designator=R12 Old Footprint=C0402 New Footprint=0603
Change Component Footprint: Designator=R13 Old Footprint=C0402 New Footprint=0603
Change Component Footprint: Designator=R14 Old Footprint=C0402 New Footprint=0603
Change Component Footprint: Designator=R15 Old Footprint=C0402 New Footprint=0603
Change Component Footprint: Designator=R17 Old Footprint=C0402 New Footprint=0603
Change Component Footprint: Designator=R22 Old Footprint=C0402 New Footprint=0603
Change Component Footprint: Designator=R23 Old Footprint=C0402 New Footprint=0603
Change Component Footprint: Designator=R24 Old Footprint=C0402 New Footprint=0603
Change Component Footprint: Designator=R25 Old Footprint=C0402 New Footprint=0603
Change Component Footprint: Designator=R26 Old Footprint=C0402 New Footprint=0603
Change Component Footprint: Designator=R27 Old Footprint=C0402 New Footprint=0603
Change Component Footprint: Designator=U4 Old Footprint=LT1084-TO220 New Footprint=URB2405YMD-6WR2
Change Component Footprint: Designator=C17 Old Footprint=RVT10 New Footprint=0603
Change Component Comment : Designator=R5 Old Comment=470R New Comment=820R
Change Component Comment : Designator=R6 Old Comment=470R New Comment=820R
Change Component Comment : Designator=C17 Old Comment=1000UF New Comment=1uF
Change Component Comment : Designator=C16 Old Comment=1000UF New Comment=470UF
Change Component Comment : Designator=U8 Old Comment=BRT22H New Comment=TPL521-1
Change Component Comment : Designator=U4 Old Comment=LT1084-5V TO220 New Comment=URB2405YMD-6WR2
Change Component Designator: OldDesignator=C9 NewDesignator=C10
Change Component Designator: OldDesignator=C14 NewDesignator=C9
Change Component Designator: OldDesignator=C15 NewDesignator=C8
Change Component Designator: OldDesignator=C16 NewDesignator=C14
Change Component Designator: OldDesignator=D5 NewDesignator=D4
Change Component Designator: OldDesignator=D6 NewDesignator=D5
Change Component Designator: OldDesignator=D9 NewDesignator=D6
Change Component Designator: OldDesignator=R2 NewDesignator=R4
Change Component Designator: OldDesignator=R9 NewDesignator=R15
Change Component Designator: OldDesignator=R10 NewDesignator=R17
Change Component Designator: OldDesignator=R11 NewDesignator=R16
Change Component Designator: OldDesignator=R12 NewDesignator=R20
Change Component Designator: OldDesignator=R13 NewDesignator=R21
Change Component Designator: OldDesignator=R14 NewDesignator=R23
Change Component Designator: OldDesignator=R15 NewDesignator=R26
Change Component Designator: OldDesignator=R17 NewDesignator=R3
Change Component Designator: OldDesignator=R22 NewDesignator=R1
Change Component Designator: OldDesignator=R23 NewDesignator=R2
Change Component Designator: OldDesignator=R24 NewDesignator=R9
Change Component Designator: OldDesignator=R25 NewDesignator=R10
Change Component Designator: OldDesignator=R26 NewDesignator=R11
Change Component Designator: OldDesignator=R27 NewDesignator=R12
Added Component: Designator=C15(RVT10)
Added Component: Designator=C16(0603)
Added Component: Designator=D2(LED_BLUE)
Added Component: Designator=D3(LED_BLUE)
Added Component: Designator=J6(SIP3)
Added Component: Designator=R13(0603)
Added Component: Designator=R14(0603)
Added Component: Designator=R18(0603)
Added Component: Designator=R19(0603)
Added Component: Designator=R22(0603)
Added Component: Designator=R24(0603)
Added Component: Designator=R25(0603)
Added Component: Designator=R27(0603)
Added Pin To Net: NetName=NetC8_2 Pin=C8-2
Added Pin To Net: NetName=DGND Pin=C15-1
Added Pin To Net: NetName=NetC15_2 Pin=C15-2
Added Pin To Net: NetName=VDD_3V3 Pin=D2-2
Added Pin To Net: NetName=VDD_3V3 Pin=D3-2
Added Pin To Net: NetName=SWB_5V Pin=J6-1
Added Pin To Net: NetName=NetC15_2 Pin=J6-A-13
Added Pin To Net: NetName=NetC17_2 Pin=J7-B-2
Added Pin To Net: NetName=NetC8_2 Pin=J8-1
Added Pin To Net: NetName=SSP0_DATA4 Pin=R5-1
Added Pin To Net: NetName=SSP0_DATA5 Pin=R6-1
Added Pin To Net: NetName=NetJ5_10 Pin=R5-1
Added Pin To Net: NetName=DGND Pin=R5-2
Added Pin To Net: NetName=VDD_3V3 Pin=R6-1
Added Pin To Net: NetName=NetJ5_12 Pin=R6-2
Added Pin To Net: NetName=VDD_3V3 Pin=R18-1
Added Pin To Net: NetName=NetC8_2 Pin=R19-1
Added Pin To Net: NetName=VDD_5V Pin=R19-2
Added Pin To Net: NetName=NetFB1_2 Pin=R22-1
Added Pin To Net: NetName=VDD_5V Pin=R25-1
Added Pin To Net: NetName=NetJ6-A_3 Pin=R25-2
Added Pin To Net: NetName=DGND Pin=R27-1
Added Pin To Net: NetName=NetC15_2 Pin=U4-2
Added Pin To Net: NetName=SWB_5V Pin=U4-3
Added Pin To Net: NetName=DGND Pin=U4-4
Added Pin To Net: NetName=RELAY Pin=U8-2
Added Pin To Net: NetName=DGND Pin=U8-3
Added Pin To Net: NetName=NetC8_2 Pin=U8-4
Change Net Name : Old Net Name=NetC9_2 New Net Name=NetC10_2
Change Net Name : Old Net Name=NetC14_2 New Net Name=NetC9_2
Change Net Name : Old Net Name=NetD5_1 New Net Name=NetD4_1
Change Net Name : Old Net Name=NetD6_1 New Net Name=NetD5_1
Change Net Name : Old Net Name=NetR9_1 New Net Name=NetR15_1
Change Net Name : Old Net Name=NetR10_1 New Net Name=NetR16_2
Change Net Name : Old Net Name=NetR15_2 New Net Name=NetR26_2
Added Pin To Net: NetName=NetC10_1 Pin=C10-1
Added Pin To Net: NetName=NetC10_1 Pin=R23-1
Added Pin To Net: NetName=NetC10_1 Pin=R24-2
Added Net: Name=NetC10_1
Added Pin To Net: NetName=NetC16_1 Pin=C16-1
Added Pin To Net: NetName=NetC16_1 Pin=C17-1
Added Pin To Net: NetName=NetC16_1 Pin=FB1-1
Added Net: Name=NetC16_1
Added Pin To Net: NetName=NetC16_2 Pin=C16-2
Added Pin To Net: NetName=NetC16_2 Pin=J6-A-2
Added Net: Name=NetC16_2
Added Pin To Net: NetName=NetD2_1 Pin=D2-1
Added Pin To Net: NetName=NetD2_1 Pin=R5-2
Added Net: Name=NetD2_1
Added Pin To Net: NetName=NetD3_1 Pin=D3-1
Added Pin To Net: NetName=NetD3_1 Pin=R6-2
Added Net: Name=NetD3_1
Added Pin To Net: NetName=NetF1_1 Pin=F1-1
Added Pin To Net: NetName=NetF1_1 Pin=J6-2
Added Net: Name=NetF1_1
Added Pin To Net: NetName=NetFB2_2 Pin=FB2-2
Added Pin To Net: NetName=NetFB2_2 Pin=R24-1
Added Net: Name=NetFB2_2
Added Pin To Net: NetName=NetJ6_3 Pin=J6-3
Added Pin To Net: NetName=NetJ6_3 Pin=P1-1
Added Net: Name=NetJ6_3
Added Pin To Net: NetName=NetR18_2 Pin=R18-2
Added Pin To Net: NetName=NetR18_2 Pin=U8-1
Added Net: Name=NetR18_2
Added Pin To Net: NetName=NetR22_2 Pin=R22-2
Added Pin To Net: NetName=NetR22_2 Pin=U2-12
Added Net: Name=NetR22_2
Added Pin To Net: NetName=NetR27_2 Pin=R27-2
Added Pin To Net: NetName=NetR27_2 Pin=U4-1
Added Net: Name=NetR27_2
Added Member To Class: ClassName=BTB CONNECTOR Member=Component C1 10uF
Added Member To Class: ClassName=BTB CONNECTOR Member=Component C2 10uF
Added Member To Class: ClassName=DRS_SCH-02-24 Member=Component C3 47UF
Added Member To Class: ClassName=DRS_SCH-02-24 Member=Component C4 0.01uF
Added Member To Class: ClassName=DRS_SCH-02-24 Member=Component C5 10uF
Added Member To Class: ClassName=DRS_SCH-02-24 Member=Component C6 1uF
Added Member To Class: ClassName=DRS_SCH-02-24 Member=Component C7 10uF
Added Member To Class: ClassName=DRS_SCH-02-24 Member=Component C10 1uF
Added Member To Class: ClassName=DRS_SCH-02-24 Member=Component C15 470UF
Added Member To Class: ClassName=DRS_SCH-02-24 Member=Component C16 1uF
Added Member To Class: ClassName=DRS_SCH-02-24 Member=Component C17 1uF
Added Member To Class: ClassName=DRS_SCH-02-24 Member=Component D1 BAT54A-7-F
Added Member To Class: ClassName=DRS_SCH-02-24 Member=Component D2 LED_BLUE
Added Member To Class: ClassName=DRS_SCH-02-24 Member=Component D3 LED_BLUE
Added Member To Class: ClassName=DRS_SCH-02-24 Member=Component D4 LED_BLUE
Added Member To Class: ClassName=DRS_SCH-02-24 Member=Component D5 LED_BLUE
Added Member To Class: ClassName=DRS_SCH-02-24 Member=Component D6 P4SMAJ5A
Added Member To Class: ClassName=DRS_SCH-02-24 Member=Component F1 FUSE 1A
Added Member To Class: ClassName=DRS_SCH-02-24 Member=Component J3 SIP4
Added Member To Class: ClassName=DRS_SCH-02-24 Member=Component J4 SIP4
Added Member To Class: ClassName=DRS_SCH-02-24 Member=Component J6 SIP4
Added Member To Class: ClassName=BTB CONNECTOR Member=Component R1 4.7K
Added Member To Class: ClassName=BTB CONNECTOR Member=Component R2 4.7K
Added Member To Class: ClassName=DRS_SCH-02-24 Member=Component R3 0R
Added Member To Class: ClassName=DRS_SCH-02-24 Member=Component R4 10K
Added Member To Class: ClassName=DRS_SCH-02-24 Member=Component R5 820R
Added Member To Class: ClassName=DRS_SCH-02-24 Member=Component R6 820R
Added Member To Class: ClassName=DRS_SCH-02-24 Member=Component R7 820R
Added Member To Class: ClassName=DRS_SCH-02-24 Member=Component R8 820R
Added Member To Class: ClassName=DRS_SCH-02-24 Member=Component R9 100K
Added Member To Class: ClassName=DRS_SCH-02-24 Member=Component R10 100K
Added Member To Class: ClassName=DRS_SCH-02-24 Member=Component R11 100K
Added Member To Class: ClassName=DRS_SCH-02-24 Member=Component R13 470R
Added Member To Class: ClassName=DRS_SCH-02-24 Member=Component R14 470R
Added Member To Class: ClassName=DRS_SCH-02-24 Member=Component R17 47K
Added Member To Class: ClassName=DRS_SCH-02-24 Member=Component R18 220R
Added Member To Class: ClassName=DRS_SCH-02-24 Member=Component R19 220R
Added Member To Class: ClassName=DRS_SCH-02-24 Member=Component R20 1.5K
Added Member To Class: ClassName=DRS_SCH-02-24 Member=Component R21 1.5K
Added Member To Class: ClassName=DRS_SCH-02-24 Member=Component R22 2.7K
Added Member To Class: ClassName=DRS_SCH-02-24 Member=Component R23 4.7K
Added Member To Class: ClassName=DRS_SCH-02-24 Member=Component R24 10K
Added Member To Class: ClassName=DRS_SCH-02-24 Member=Component R25 10K
Added Member To Class: ClassName=DRS_SCH-02-24 Member=Component R26 0R
Added Member To Class: ClassName=DRS_SCH-02-24 Member=Component R27 0R
Added Member To Class: ClassName=DRS_SCH-02-24 Member=Component U1 RT9018AXXGSP
Added Member To Class: ClassName=DRS_SCH-02-24 Member=Component U3 74LVC2T45
Added Member To Class: ClassName=DRS_SCH-02-24 Member=Component U4 URB2405YMD-6WR2
Added Member To Class: ClassName=DRS_SCH-02-24 Member=Component U5 74LVC2T45
Added Member To Class: ClassName=DRS_SCH-02-24 Member=Component U6 74LVC8T45 SOT355-1
Added Room: Name=BTB CONNECTOR
Added Room: Name=DRS_SCH-02-24
